{
  "stats": {
    "suites": 1,
    "tests": 4,
    "passes": 3,
    "pending": 0,
    "failures": 1,
    "start": "2023-02-24T18:28:24.640Z",
    "end": "2023-02-24T18:34:27.721Z",
    "duration": 363081,
    "testsRegistered": 4,
    "passPercent": 75,
    "pendingPercent": 0,
    "other": 0,
    "hasOther": false,
    "skipped": 0,
    "hasSkipped": false
  },
  "results": [
    {
      "uuid": "482ef923-6bfc-427a-a5df-8796bec0d36d",
      "title": "",
      "fullFile": "cypress\\e2e\\test\\tests.cy.js",
      "file": "cypress\\e2e\\test\\tests.cy.js",
      "beforeHooks": [],
      "afterHooks": [],
      "tests": [],
      "suites": [
        {
          "uuid": "b908b957-3368-4a4d-93f5-3d9f4ec2bf63",
          "title": "Cypress Tests - epicentrk.ua",
          "fullFile": "",
          "file": "",
          "beforeHooks": [],
          "afterHooks": [],
          "tests": [
            {
              "title": "Verify if the price filter working correctly for the following marketplaces",
              "fullTitle": "Cypress Tests - epicentrk.ua Verify if the price filter working correctly for the following marketplaces",
              "timedOut": null,
              "duration": 109975,
              "state": "passed",
              "speed": "slow",
              "pass": true,
              "fail": false,
              "pending": false,
              "context": null,
              "code": "basePage.uncaughtException();\nfilterPage.filterWork();\nfilterPage.verifySortedCorrectly();",
              "err": {},
              "uuid": "b6225a80-5924-40e7-8255-895fdf6db28d",
              "parentUUID": "b908b957-3368-4a4d-93f5-3d9f4ec2bf63",
              "isHook": false,
              "skipped": false
            },
            {
              "title": "Add items to the basket and calculate the total price of all products in the cart",
              "fullTitle": "Cypress Tests - epicentrk.ua Add items to the basket and calculate the total price of all products in the cart",
              "timedOut": null,
              "duration": 161523,
              "state": "passed",
              "speed": "slow",
              "pass": true,
              "fail": false,
              "pending": false,
              "context": null,
              "code": "basePage.uncaughtException();\nbasketPage.addItemsToTheBasketAndVerifyInformation();\nbasketPage.calculateTotalAmount();",
              "err": {},
              "uuid": "7b660952-48c7-4d86-aa44-6241f5f07cfb",
              "parentUUID": "b908b957-3368-4a4d-93f5-3d9f4ec2bf63",
              "isHook": false,
              "skipped": false
            },
            {
              "title": "Search the item and verify that all items are correctly displayed",
              "fullTitle": "Cypress Tests - epicentrk.ua Search the item and verify that all items are correctly displayed",
              "timedOut": null,
              "duration": 48450,
              "state": "passed",
              "speed": "slow",
              "pass": true,
              "fail": false,
              "pending": false,
              "context": null,
              "code": "basePage.uncaughtException();\nsearchTheItemPage.searchTheItemAndCorrectlyDisplayed();",
              "err": {},
              "uuid": "b6226a7e-595d-4a23-99f0-480d7c0b0b55",
              "parentUUID": "b908b957-3368-4a4d-93f5-3d9f4ec2bf63",
              "isHook": false,
              "skipped": false
            },
            {
              "title": "Verify Localization",
              "fullTitle": "Cypress Tests - epicentrk.ua Verify Localization",
              "timedOut": null,
              "duration": 36733,
              "state": "failed",
              "speed": null,
              "pass": false,
              "fail": true,
              "pending": false,
              "context": null,
              "code": "basePage.uncaughtException();\nstockPage.stockPageVerifyLocalization();",
              "err": {
                "message": "AssertionError: Timed out retrying after 4000ms: expected '<h1._UgW9._g54J>' to contain text 'Акции: Сантехника', but the text was 'Акції: Сантехніка'",
                "estack": "AssertionError: Timed out retrying after 4000ms: expected '<h1._UgW9._g54J>' to contain text 'Акции: Сантехника', but the text was 'Акції: Сантехніка'\n    at StockPage.stockPageVerifyLocalization (webpack:///./cypress/support/pages/stockPage.cy.js:22:25)\n    at Context.eval (webpack:///./cypress/e2e/test/tests.cy.js:38:12)",
                "diff": "- 'Акції: Сантехніка'\n+ 'Акции: Сантехника'\n"
              },
              "uuid": "0ecab848-cc54-4a7e-b27f-9fc8cde5804c",
              "parentUUID": "b908b957-3368-4a4d-93f5-3d9f4ec2bf63",
              "isHook": false,
              "skipped": false
            }
          ],
          "suites": [],
          "passes": [
            "b6225a80-5924-40e7-8255-895fdf6db28d",
            "7b660952-48c7-4d86-aa44-6241f5f07cfb",
            "b6226a7e-595d-4a23-99f0-480d7c0b0b55"
          ],
          "failures": [
            "0ecab848-cc54-4a7e-b27f-9fc8cde5804c"
          ],
          "pending": [],
          "skipped": [],
          "duration": 356681,
          "root": false,
          "rootEmpty": false,
          "_timeout": 2000
        }
      ],
      "passes": [],
      "failures": [],
      "pending": [],
      "skipped": [],
      "duration": 0,
      "root": true,
      "rootEmpty": true,
      "_timeout": 2000
    }
  ],
  "meta": {
    "mocha": {
      "version": "7.0.1"
    },
    "mochawesome": {
      "options": {
        "quiet": false,
        "reportFilename": "mochawesome",
        "saveHtml": true,
        "saveJson": true,
        "consoleReporter": "spec",
        "useInlineDiffs": false,
        "code": true
      },
      "version": "7.1.3"
    },
    "marge": {
      "options": null,
      "version": "6.2.0"
    }
  }
}